PS D:\lab\solvertester> python .\solver4.py config20_80.json msg
split C001
split C001-19'0
split C001-19't
split C001-19'0-18'0
C001-19'0-18'0-17'0 is done.
split C001-19'0-18't
C001-19'0-18't-17'0 is done.
split C001-19't-18'0
C001-19't-18'0-17'0 is done.
split C001-19't-18't
split C001-19'0-18'0-17't
split C001-19'0-18't-17't
C001-19'0-18't-17't-16'0 is done.
split C001-19't-18'0-17't
split C001-19't-18't-17'0
C001-19't-18't-17'0-16'0 is done.
split C001-19't-18't-17't
split C001-19'0-18'0-17't-16'0
C001-19'0-18'0-17't-16'0-15'0 is done.
split C001-19'0-18'0-17't-16't
C001-19'0-18'0-17't-16't-15'0 is done.
split C001-19'0-18't-17't-16't
split C001-19't-18'0-17't-16'0
C001-19't-18'0-17't-16'0-15'0 is done.
split C001-19't-18'0-17't-16't
C001-19't-18'0-17't-16't-15'0 is done.
split C001-19't-18't-17'0-16't
C001-19't-18't-17'0-16't-15'0 is done.
split C001-19't-18't-17't-16'0
C001-19't-18't-17't-16'0-15'0 is done.
split C001-19't-18't-17't-16't
C001-19't-18't-17't-16't-15'0 is done.
split C001-19'0-18'0-17't-16'0-15't
C001-19'0-18'0-17't-16'0-15't-14'0 is done.
split C001-19'0-18'0-17't-16't-15't
C001-19'0-18'0-17't-16't-15't-14'0 is done.
split C001-19'0-18't-17't-16't-15'0
C001-19'0-18't-17't-16't-15'0-14'0 is done.
split C001-19'0-18't-17't-16't-15't
C001-19'0-18't-17't-16't-15't-14'0 is done.
split C001-19't-18'0-17't-16'0-15't
split C001-19't-18'0-17't-16't-15't
C001-19't-18'0-17't-16't-15't-14'0 is done.
split C001-19't-18't-17'0-16't-15't
C001-19't-18't-17'0-16't-15't-14'0 is done.
split C001-19't-18't-17't-16'0-15't
split C001-19't-18't-17't-16't-15't
split C001-19'0-18'0-17't-16'0-15't-14't
C001-19'0-18'0-17't-16'0-15't-14't-13'0 is done.
split C001-19'0-18'0-17't-16't-15't-14't
C001-19'0-18'0-17't-16't-15't-14't-13'0 is done.
split C001-19'0-18't-17't-16't-15'0-14't
C001-19'0-18't-17't-16't-15'0-14't-13'0 is done.
split C001-19'0-18't-17't-16't-15't-14't
C001-19'0-18't-17't-16't-15't-14't-13'0 is done.
split C001-19't-18'0-17't-16'0-15't-14'0
C001-19't-18'0-17't-16'0-15't-14'0-13'0 is done.
split C001-19't-18'0-17't-16'0-15't-14't
C001-19't-18'0-17't-16'0-15't-14't-13'0 is done.
split C001-19't-18'0-17't-16't-15't-14't
C001-19't-18'0-17't-16't-15't-14't-13'0 is done.
split C001-19't-18't-17'0-16't-15't-14't
C001-19't-18't-17'0-16't-15't-14't-13'0 is done.
split C001-19't-18't-17't-16'0-15't-14'0
C001-19't-18't-17't-16'0-15't-14'0-13'0 is done.
split C001-19't-18't-17't-16'0-15't-14't
C001-19't-18't-17't-16'0-15't-14't-13'0 is done.
split C001-19't-18't-17't-16't-15't-14'0
C001-19't-18't-17't-16't-15't-14'0-13'0 is done.
split C001-19't-18't-17't-16't-15't-14't
C001-19't-18't-17't-16't-15't-14't-13'0 is done.
split C001-19'0-18'0-17't-16'0-15't-14't-13't
C001-19'0-18'0-17't-16'0-15't-14't-13't-12'0 is done.
C001-19'0-18'0-17't-16'0-15't-14't-13't-12'1 is done.
split C001-19'0-18'0-17't-16't-15't-14't-13't
C001-19'0-18'0-17't-16't-15't-14't-13't-12'0 is done.
split C001-19'0-18't-17't-16't-15'0-14't-13't
C001-19'0-18't-17't-16't-15'0-14't-13't-12'0 is done.
split C001-19'0-18't-17't-16't-15't-14't-13't
C001-19'0-18't-17't-16't-15't-14't-13't-12'0 is done.
split C001-19't-18'0-17't-16'0-15't-14'0-13't
C001-19't-18'0-17't-16'0-15't-14'0-13't-12'0 is done.
split C001-19't-18'0-17't-16'0-15't-14't-13't
C001-19't-18'0-17't-16'0-15't-14't-13't-12'0 is done.
split C001-19't-18'0-17't-16't-15't-14't-13't
C001-19't-18'0-17't-16't-15't-14't-13't-12'0 is done.
split C001-19't-18't-17'0-16't-15't-14't-13't
C001-19't-18't-17'0-16't-15't-14't-13't-12'0 is done.
split C001-19't-18't-17't-16'0-15't-14'0-13't
C001-19't-18't-17't-16'0-15't-14'0-13't-12'0 is done.
split C001-19't-18't-17't-16'0-15't-14't-13't
split C001-19't-18't-17't-16't-15't-14'0-13't
C001-19't-18't-17't-16't-15't-14'0-13't-12'0 is done.
split C001-19't-18't-17't-16't-15't-14't-13't
C001-19't-18't-17't-16't-15't-14't-13't-12'0 is done.
split C001-19'0-18'0-17't-16't-15't-14't-13't-12't
C001-19'0-18'0-17't-16't-15't-14't-13't-12't-11'0 is done.
split C001-19'0-18't-17't-16't-15'0-14't-13't-12't
C001-19'0-18't-17't-16't-15'0-14't-13't-12't-11'0 is done.
split C001-19'0-18't-17't-16't-15't-14't-13't-12't
C001-19'0-18't-17't-16't-15't-14't-13't-12't-11'0 is done.
split C001-19't-18'0-17't-16'0-15't-14'0-13't-12't
C001-19't-18'0-17't-16'0-15't-14'0-13't-12't-11'0 is done.
split C001-19't-18'0-17't-16'0-15't-14't-13't-12't
C001-19't-18'0-17't-16'0-15't-14't-13't-12't-11'0 is done.
split C001-19't-18'0-17't-16't-15't-14't-13't-12't
C001-19't-18'0-17't-16't-15't-14't-13't-12't-11'0 is done.
split C001-19't-18't-17'0-16't-15't-14't-13't-12't
split C001-19't-18't-17't-16'0-15't-14'0-13't-12't
C001-19't-18't-17't-16'0-15't-14'0-13't-12't-11'0 is done.
split C001-19't-18't-17't-16'0-15't-14't-13't-12'0
C001-19't-18't-17't-16'0-15't-14't-13't-12'0-11'0 is done.
split C001-19't-18't-17't-16'0-15't-14't-13't-12't
split C001-19't-18't-17't-16't-15't-14'0-13't-12't
C001-19't-18't-17't-16't-15't-14'0-13't-12't-11'0 is done.
split C001-19't-18't-17't-16't-15't-14't-13't-12't
split C001-19'0-18'0-17't-16't-15't-14't-13't-12't-11't
C001-19'0-18'0-17't-16't-15't-14't-13't-12't-11't-10'0 is done.
split C001-19'0-18't-17't-16't-15'0-14't-13't-12't-11't
C001-19'0-18't-17't-16't-15'0-14't-13't-12't-11't-10'0 is done.
split C001-19'0-18't-17't-16't-15't-14't-13't-12't-11't
C001-19'0-18't-17't-16't-15't-14't-13't-12't-11't-10'0 is done.
C001-19'0-18't-17't-16't-15't-14't-13't-12't-11't-10'1 is done.
split C001-19't-18'0-17't-16'0-15't-14'0-13't-12't-11't
C001-19't-18'0-17't-16'0-15't-14'0-13't-12't-11't-10'0 is done.
split C001-19't-18'0-17't-16'0-15't-14't-13't-12't-11't
C001-19't-18'0-17't-16'0-15't-14't-13't-12't-11't-10'0 is done.
split C001-19't-18'0-17't-16't-15't-14't-13't-12't-11't
C001-19't-18'0-17't-16't-15't-14't-13't-12't-11't-10'0 is done.
split C001-19't-18't-17'0-16't-15't-14't-13't-12't-11'0
C001-19't-18't-17'0-16't-15't-14't-13't-12't-11'0-10'0 is done.
split C001-19't-18't-17'0-16't-15't-14't-13't-12't-11't
C001-19't-18't-17'0-16't-15't-14't-13't-12't-11't-10'0 is done.
split C001-19't-18't-17't-16'0-15't-14'0-13't-12't-11't
C001-19't-18't-17't-16'0-15't-14'0-13't-12't-11't-10'0 is done.
split C001-19't-18't-17't-16'0-15't-14't-13't-12'0-11't
C001-19't-18't-17't-16'0-15't-14't-13't-12'0-11't-10'0 is done.
split C001-19't-18't-17't-16'0-15't-14't-13't-12't-11'0
C001-19't-18't-17't-16'0-15't-14't-13't-12't-11'0-10'0 is done.
split C001-19't-18't-17't-16'0-15't-14't-13't-12't-11't
C001-19't-18't-17't-16'0-15't-14't-13't-12't-11't-10'0 is done.
split C001-19't-18't-17't-16't-15't-14'0-13't-12't-11't
C001-19't-18't-17't-16't-15't-14'0-13't-12't-11't-10'0 is done.
split C001-19't-18't-17't-16't-15't-14't-13't-12't-11'0
C001-19't-18't-17't-16't-15't-14't-13't-12't-11'0-10'0 is done.
split C001-19't-18't-17't-16't-15't-14't-13't-12't-11't
C001-19't-18't-17't-16't-15't-14't-13't-12't-11't-10'0 is done.
split C001-19'0-18'0-17't-16't-15't-14't-13't-12't-11't-10't
C001-19'0-18'0-17't-16't-15't-14't-13't-12't-11't-10't-9'0 is done.
split C001-19'0-18't-17't-16't-15'0-14't-13't-12't-11't-10't
C001-19'0-18't-17't-16't-15'0-14't-13't-12't-11't-10't-9'0 is done.
split C001-19't-18'0-17't-16'0-15't-14'0-13't-12't-11't-10't
C001-19't-18'0-17't-16'0-15't-14'0-13't-12't-11't-10't-9'0 is done.
split C001-19't-18'0-17't-16'0-15't-14't-13't-12't-11't-10't
C001-19't-18'0-17't-16'0-15't-14't-13't-12't-11't-10't-9'0 is done.
split C001-19't-18'0-17't-16't-15't-14't-13't-12't-11't-10't
split C001-19't-18't-17'0-16't-15't-14't-13't-12't-11'0-10't
C001-19't-18't-17'0-16't-15't-14't-13't-12't-11'0-10't-9'0 is done.
split C001-19't-18't-17'0-16't-15't-14't-13't-12't-11't-10't
C001-19't-18't-17'0-16't-15't-14't-13't-12't-11't-10't-9'0 is done.
C001-19't-18't-17'0-16't-15't-14't-13't-12't-11't-10't-9'1 is done.
split C001-19't-18't-17't-16'0-15't-14'0-13't-12't-11't-10't
split C001-19't-18't-17't-16'0-15't-14't-13't-12'0-11't-10't
C001-19't-18't-17't-16'0-15't-14't-13't-12'0-11't-10't-9'0 is done.
split C001-19't-18't-17't-16'0-15't-14't-13't-12't-11'0-10't
C001-19't-18't-17't-16'0-15't-14't-13't-12't-11'0-10't-9'0 is done.
split C001-19't-18't-17't-16'0-15't-14't-13't-12't-11't-10't
C001-19't-18't-17't-16'0-15't-14't-13't-12't-11't-10't-9'0 is done.
split C001-19't-18't-17't-16't-15't-14'0-13't-12't-11't-10't
C001-19't-18't-17't-16't-15't-14'0-13't-12't-11't-10't-9'0 is done.
split C001-19't-18't-17't-16't-15't-14't-13't-12't-11'0-10't
C001-19't-18't-17't-16't-15't-14't-13't-12't-11'0-10't-9'0 is done.
split C001-19't-18't-17't-16't-15't-14't-13't-12't-11't-10't
C001-19't-18't-17't-16't-15't-14't-13't-12't-11't-10't-9'0 is done.
split C001-19'0-18'0-17't-16't-15't-14't-13't-12't-11't-10't-9't
C001-19'0-18'0-17't-16't-15't-14't-13't-12't-11't-10't-9't-8'0 is done.
split C001-19'0-18't-17't-16't-15'0-14't-13't-12't-11't-10't-9't
C001-19'0-18't-17't-16't-15'0-14't-13't-12't-11't-10't-9't-8'0 is done.
C001-19'0-18't-17't-16't-15'0-14't-13't-12't-11't-10't-9't-8'1 is done.
split C001-19't-18'0-17't-16'0-15't-14'0-13't-12't-11't-10't-9't
C001-19't-18'0-17't-16'0-15't-14'0-13't-12't-11't-10't-9't-8'0 is done.
split C001-19't-18'0-17't-16'0-15't-14't-13't-12't-11't-10't-9't
C001-19't-18'0-17't-16'0-15't-14't-13't-12't-11't-10't-9't-8'0 is done.
split C001-19't-18'0-17't-16't-15't-14't-13't-12't-11't-10't-9'0
C001-19't-18'0-17't-16't-15't-14't-13't-12't-11't-10't-9'0-8'0 is done.
split C001-19't-18'0-17't-16't-15't-14't-13't-12't-11't-10't-9't
C001-19't-18'0-17't-16't-15't-14't-13't-12't-11't-10't-9't-8'0 is done.
split C001-19't-18't-17'0-16't-15't-14't-13't-12't-11'0-10't-9't
C001-19't-18't-17'0-16't-15't-14't-13't-12't-11'0-10't-9't-8'0 is done.
split C001-19't-18't-17't-16'0-15't-14'0-13't-12't-11't-10't-9'0
C001-19't-18't-17't-16'0-15't-14'0-13't-12't-11't-10't-9'0-8'0 is done.
split C001-19't-18't-17't-16'0-15't-14'0-13't-12't-11't-10't-9't
C001-19't-18't-17't-16'0-15't-14'0-13't-12't-11't-10't-9't-8'0 is done.
split C001-19't-18't-17't-16'0-15't-14't-13't-12'0-11't-10't-9't
C001-19't-18't-17't-16'0-15't-14't-13't-12'0-11't-10't-9't-8'0 is done.
split C001-19't-18't-17't-16'0-15't-14't-13't-12't-11'0-10't-9't
C001-19't-18't-17't-16'0-15't-14't-13't-12't-11'0-10't-9't-8'0 is done.
split C001-19't-18't-17't-16'0-15't-14't-13't-12't-11't-10't-9't
C001-19't-18't-17't-16'0-15't-14't-13't-12't-11't-10't-9't-8'0 is done.
split C001-19't-18't-17't-16't-15't-14'0-13't-12't-11't-10't-9't
C001-19't-18't-17't-16't-15't-14'0-13't-12't-11't-10't-9't-8'0 is done.
split C001-19't-18't-17't-16't-15't-14't-13't-12't-11'0-10't-9't
C001-19't-18't-17't-16't-15't-14't-13't-12't-11'0-10't-9't-8'0 is done.
split C001-19't-18't-17't-16't-15't-14't-13't-12't-11't-10't-9't
C001-19't-18't-17't-16't-15't-14't-13't-12't-11't-10't-9't-8'0 is done.
split C001-19'0-18'0-17't-16't-15't-14't-13't-12't-11't-10't-9't-8't
C001-19'0-18'0-17't-16't-15't-14't-13't-12't-11't-10't-9't-8't-7'0 is done.
split C001-19't-18'0-17't-16'0-15't-14'0-13't-12't-11't-10't-9't-8't
C001-19't-18'0-17't-16'0-15't-14'0-13't-12't-11't-10't-9't-8't-7'0 is done.
C001-19't-18'0-17't-16'0-15't-14'0-13't-12't-11't-10't-9't-8't-7'1 is done.
split C001-19't-18'0-17't-16'0-15't-14't-13't-12't-11't-10't-9't-8't
C001-19't-18'0-17't-16'0-15't-14't-13't-12't-11't-10't-9't-8't-7'0 is done.
C001-19't-18'0-17't-16'0-15't-14't-13't-12't-11't-10't-9't-8't-7'1 is done.
split C001-19't-18'0-17't-16't-15't-14't-13't-12't-11't-10't-9'0-8't
C001-19't-18'0-17't-16't-15't-14't-13't-12't-11't-10't-9'0-8't-7'0 is done.
split C001-19't-18'0-17't-16't-15't-14't-13't-12't-11't-10't-9't-8't
C001-19't-18'0-17't-16't-15't-14't-13't-12't-11't-10't-9't-8't-7'0 is done.
split C001-19't-18't-17'0-16't-15't-14't-13't-12't-11'0-10't-9't-8't
C001-19't-18't-17'0-16't-15't-14't-13't-12't-11'0-10't-9't-8't-7'0 is done.
split C001-19't-18't-17't-16'0-15't-14'0-13't-12't-11't-10't-9'0-8't
C001-19't-18't-17't-16'0-15't-14'0-13't-12't-11't-10't-9'0-8't-7'0 is done.
split C001-19't-18't-17't-16'0-15't-14'0-13't-12't-11't-10't-9't-8't
C001-19't-18't-17't-16'0-15't-14'0-13't-12't-11't-10't-9't-8't-7'0 is done.
split C001-19't-18't-17't-16'0-15't-14't-13't-12'0-11't-10't-9't-8't
split C001-19't-18't-17't-16'0-15't-14't-13't-12't-11'0-10't-9't-8't
C001-19't-18't-17't-16'0-15't-14't-13't-12't-11'0-10't-9't-8't-7'0 is done.
split C001-19't-18't-17't-16'0-15't-14't-13't-12't-11't-10't-9't-8't
C001-19't-18't-17't-16'0-15't-14't-13't-12't-11't-10't-9't-8't-7'0 is done.
split C001-19't-18't-17't-16't-15't-14'0-13't-12't-11't-10't-9't-8't
C001-19't-18't-17't-16't-15't-14'0-13't-12't-11't-10't-9't-8't-7'0 is done.
C001-19't-18't-17't-16't-15't-14'0-13't-12't-11't-10't-9't-8't-7'1 is done.
split C001-19't-18't-17't-16't-15't-14't-13't-12't-11'0-10't-9't-8't
C001-19't-18't-17't-16't-15't-14't-13't-12't-11'0-10't-9't-8't-7'0 is done.
split C001-19't-18't-17't-16't-15't-14't-13't-12't-11't-10't-9't-8't
C001-19't-18't-17't-16't-15't-14't-13't-12't-11't-10't-9't-8't-7'0 is done.
split C001-19'0-18'0-17't-16't-15't-14't-13't-12't-11't-10't-9't-8't-7't
C001-19'0-18'0-17't-16't-15't-14't-13't-12't-11't-10't-9't-8't-7't-6'0 is done.
split C001-19't-18'0-17't-16't-15't-14't-13't-12't-11't-10't-9'0-8't-7't
C001-19't-18'0-17't-16't-15't-14't-13't-12't-11't-10't-9'0-8't-7't-6'0 is done.
split C001-19't-18'0-17't-16't-15't-14't-13't-12't-11't-10't-9't-8't-7't
C001-19't-18'0-17't-16't-15't-14't-13't-12't-11't-10't-9't-8't-7't-6'0 is done.
split C001-19't-18't-17'0-16't-15't-14't-13't-12't-11'0-10't-9't-8't-7't
C001-19't-18't-17'0-16't-15't-14't-13't-12't-11'0-10't-9't-8't-7't-6'0 is done.
split C001-19't-18't-17't-16'0-15't-14'0-13't-12't-11't-10't-9'0-8't-7't
C001-19't-18't-17't-16'0-15't-14'0-13't-12't-11't-10't-9'0-8't-7't-6'0 is done.
split C001-19't-18't-17't-16'0-15't-14'0-13't-12't-11't-10't-9't-8't-7't
C001-19't-18't-17't-16'0-15't-14'0-13't-12't-11't-10't-9't-8't-7't-6'0 is done.
split C001-19't-18't-17't-16'0-15't-14't-13't-12'0-11't-10't-9't-8't-7'0
C001-19't-18't-17't-16'0-15't-14't-13't-12'0-11't-10't-9't-8't-7'0-6'0 is done.
split C001-19't-18't-17't-16'0-15't-14't-13't-12'0-11't-10't-9't-8't-7't
C001-19't-18't-17't-16'0-15't-14't-13't-12'0-11't-10't-9't-8't-7't-6'0 is done.
split C001-19't-18't-17't-16'0-15't-14't-13't-12't-11'0-10't-9't-8't-7't
C001-19't-18't-17't-16'0-15't-14't-13't-12't-11'0-10't-9't-8't-7't-6'0 is done.
split C001-19't-18't-17't-16'0-15't-14't-13't-12't-11't-10't-9't-8't-7't
split C001-19't-18't-17't-16't-15't-14't-13't-12't-11'0-10't-9't-8't-7't
split C001-19't-18't-17't-16't-15't-14't-13't-12't-11't-10't-9't-8't-7't
C001-19't-18't-17't-16't-15't-14't-13't-12't-11't-10't-9't-8't-7't-6'0 is done.
split C001-19'0-18'0-17't-16't-15't-14't-13't-12't-11't-10't-9't-8't-7't-6't
C001-19'0-18'0-17't-16't-15't-14't-13't-12't-11't-10't-9't-8't-7't-6't-5'0 is done.
split C001-19't-18'0-17't-16't-15't-14't-13't-12't-11't-10't-9'0-8't-7't-6't
C001-19't-18'0-17't-16't-15't-14't-13't-12't-11't-10't-9'0-8't-7't-6't-5'0 is done.
C001-19't-18'0-17't-16't-15't-14't-13't-12't-11't-10't-9'0-8't-7't-6't-5'1 is done.
split C001-19't-18'0-17't-16't-15't-14't-13't-12't-11't-10't-9't-8't-7't-6't
C001-19't-18'0-17't-16't-15't-14't-13't-12't-11't-10't-9't-8't-7't-6't-5'0 is done.
split C001-19't-18't-17'0-16't-15't-14't-13't-12't-11'0-10't-9't-8't-7't-6't
C001-19't-18't-17'0-16't-15't-14't-13't-12't-11'0-10't-9't-8't-7't-6't-5'0 is done.
split C001-19't-18't-17't-16'0-15't-14'0-13't-12't-11't-10't-9'0-8't-7't-6't
C001-19't-18't-17't-16'0-15't-14'0-13't-12't-11't-10't-9'0-8't-7't-6't-5'0 is done.
split C001-19't-18't-17't-16'0-15't-14'0-13't-12't-11't-10't-9't-8't-7't-6't
split C001-19't-18't-17't-16'0-15't-14't-13't-12'0-11't-10't-9't-8't-7'0-6't
C001-19't-18't-17't-16'0-15't-14't-13't-12'0-11't-10't-9't-8't-7'0-6't-5'0 is done.
split C001-19't-18't-17't-16'0-15't-14't-13't-12'0-11't-10't-9't-8't-7't-6't
C001-19't-18't-17't-16'0-15't-14't-13't-12'0-11't-10't-9't-8't-7't-6't-5'0 is done.
split C001-19't-18't-17't-16'0-15't-14't-13't-12't-11'0-10't-9't-8't-7't-6't
C001-19't-18't-17't-16'0-15't-14't-13't-12't-11'0-10't-9't-8't-7't-6't-5'0 is done.
split C001-19't-18't-17't-16'0-15't-14't-13't-12't-11't-10't-9't-8't-7't-6'0
C001-19't-18't-17't-16'0-15't-14't-13't-12't-11't-10't-9't-8't-7't-6'0-5'0 is done.
split C001-19't-18't-17't-16'0-15't-14't-13't-12't-11't-10't-9't-8't-7't-6't
split C001-19't-18't-17't-16't-15't-14't-13't-12't-11'0-10't-9't-8't-7't-6'0
C001-19't-18't-17't-16't-15't-14't-13't-12't-11'0-10't-9't-8't-7't-6'0-5'0 is done.
split C001-19't-18't-17't-16't-15't-14't-13't-12't-11'0-10't-9't-8't-7't-6't
split C001-19't-18't-17't-16't-15't-14't-13't-12't-11't-10't-9't-8't-7't-6't
C001-19't-18't-17't-16't-15't-14't-13't-12't-11't-10't-9't-8't-7't-6't-5'0 is done.
split C001-19'0-18'0-17't-16't-15't-14't-13't-12't-11't-10't-9't-8't-7't-6't-5't
C001-19'0-18'0-17't-16't-15't-14't-13't-12't-11't-10't-9't-8't-7't-6't-5't-4'0 is done.
C001-19'0-18'0-17't-16't-15't-14't-13't-12't-11't-10't-9't-8't-7't-6't-5't-4'1 is done.
split C001-19't-18'0-17't-16't-15't-14't-13't-12't-11't-10't-9't-8't-7't-6't-5't
C001-19't-18'0-17't-16't-15't-14't-13't-12't-11't-10't-9't-8't-7't-6't-5't-4'0 is done.
C001-19't-18'0-17't-16't-15't-14't-13't-12't-11't-10't-9't-8't-7't-6't-5't-4'1 is done.
split C001-19't-18't-17'0-16't-15't-14't-13't-12't-11'0-10't-9't-8't-7't-6't-5't
C001-19't-18't-17'0-16't-15't-14't-13't-12't-11'0-10't-9't-8't-7't-6't-5't-4'0 is done.
split C001-19't-18't-17't-16'0-15't-14'0-13't-12't-11't-10't-9'0-8't-7't-6't-5't
C001-19't-18't-17't-16'0-15't-14'0-13't-12't-11't-10't-9'0-8't-7't-6't-5't-4'0 is done.
split C001-19't-18't-17't-16'0-15't-14'0-13't-12't-11't-10't-9't-8't-7't-6't-5'0
C001-19't-18't-17't-16'0-15't-14'0-13't-12't-11't-10't-9't-8't-7't-6't-5'0-4'0 is done.
split C001-19't-18't-17't-16'0-15't-14'0-13't-12't-11't-10't-9't-8't-7't-6't-5't
split C001-19't-18't-17't-16'0-15't-14't-13't-12'0-11't-10't-9't-8't-7'0-6't-5't
split C001-19't-18't-17't-16'0-15't-14't-13't-12'0-11't-10't-9't-8't-7't-6't-5't
C001-19't-18't-17't-16'0-15't-14't-13't-12'0-11't-10't-9't-8't-7't-6't-5't-4'0 is done.
split C001-19't-18't-17't-16'0-15't-14't-13't-12't-11'0-10't-9't-8't-7't-6't-5't
C001-19't-18't-17't-16'0-15't-14't-13't-12't-11'0-10't-9't-8't-7't-6't-5't-4'0 is done.
split C001-19't-18't-17't-16'0-15't-14't-13't-12't-11't-10't-9't-8't-7't-6'0-5't
C001-19't-18't-17't-16'0-15't-14't-13't-12't-11't-10't-9't-8't-7't-6'0-5't-4'0 is done.
split C001-19't-18't-17't-16'0-15't-14't-13't-12't-11't-10't-9't-8't-7't-6't-5'0
split C001-19't-18't-17't-16'0-15't-14't-13't-12't-11't-10't-9't-8't-7't-6't-5't
1 sat(s) found!!!
perf-count:
{   'BitDic-init': 472,
    'SATS': [726543],
    'TxTopKn': 0,
    'add_vklause': 472,
    'set_txseed': 161,
    'split_topbit': 161,
    'test4_finish': 320,
    'time-used': 0.5795319080352783}
PS D:\lab\solvertester>