perf-count:
{   'BitDic-init': 512,
    'SATS': [   726543,
                726799,
                726671,
                726927,
                661007,
                661263,
                661135,
                661391,
                726541,
                726797,
                726669,
                726925,
                661005,
                661261,
                661133,
                661389,
                55191,
                186263,
                579479,
                710551,
                730759,
                731015,
                734855,
                735111,
                763543,
                767639,
                763527,
                767623,
                730639,
                730767,
                734735,
                734863,
                730895,
                731023,
                734991,
                735119,
                733709,
                733773,
                733837,
                733901,
                729869,
                729933,
                729997,
                730061,
                733965,
                734029,
                734093,
                734157,
                730637,
                734733,
                730893,
                734989,
                730829,
                734925,
                731085,
                735181,
                730765,
                734861,
                731021,
                735117,
                759431,
                759495,
                759447,
                693895,
                693959,
                693911,
                694183,
                694247,
                694199,
                694151,
                694215,
                694167,
                693197,
                694221,
                693135,
                693167,
                694159,
                694191,
                693199,
                694223,
                661127,
                661191,
                726663,
                726727,
                661415,
                661479,
                726951,
                727015,
                661383,
                661447,
                726919,
                726983,
                660271,
                660399,
                725805,
                725933,
                660269,
                660397,
                726831,
                726959,
                661295,
                661423,
                726829,
                726957,
                661293,
                661421,
                661197,
                661199,
                661453,
                661455,
                726733,
                726735,
                726989,
                726991,
                725581,
                725837,
                725709,
                725965,
                660047,
                660303,
                660175,
                660431,
                660045,
                660301,
                660173,
                660429,
                659983,
                660239,
                660111,
                660367,
                725517,
                725773,
                725645,
                725901,
                659981,
                660237,
                660109,
                660365,
                168878,
                168847,
                168879,
                169902,
                169871,
                169903,
                169910,
                169879,
                169911,
                169894,
                169863,
                169895,
                235159,
                235143,
                169623,
                169607,
                243334,
                243335,
                243350,
                243351,
                178054,
                178055,
                178070,
                178071,
                177798,
                177799,
                177814,
                177815],
    'TxTopKn': 0,
    'add_vklause': 512,
    'set_txseed': 174,
    'split_topbit': 183,
    'test4_finish': 356,
    'time-used': 0.3989372253417969}